#
# There is insufficient memory for the Java Runtime Environment to continue.
# Native memory allocation (malloc) failed to allocate 1452816 bytes for Chunk::new
# Possible reasons:
#   The system is out of physical RAM or swap space
#   In 32 bit mode, the process size limit was hit
# Possible solutions:
#   Reduce memory load on the system
#   Increase physical memory or swap space
#   Check if swap backing store is full
#   Use 64 bit Java on a 64 bit OS
#   Decrease Java heap size (-Xmx/-Xms)
#   Decrease number of Java threads
#   Decrease Java thread stack sizes (-Xss)
#   Set larger code cache with -XX:ReservedCodeCacheSize=
# This output file may be truncated or incomplete.
#
#  Out of Memory Error (allocation.cpp:390), pid=13848, tid=0x00000000000036a4
#
# JRE version: Java(TM) SE Runtime Environment (8.0_121-b13) (build 1.8.0_121-b13)
# Java VM: Java HotSpot(TM) 64-Bit Server VM (25.121-b13 mixed mode windows-amd64 compressed oops)
# Failed to write core dump. Minidumps are not enabled by default on client versions of Windows
#

---------------  T H R E A D  ---------------

Current thread (0x0000000016633800):  JavaThread "C2 CompilerThread1" daemon [_thread_in_native, id=13988, stack(0x0000000017eb0000,0x0000000017fb0000)]

Stack: [0x0000000017eb0000,0x0000000017fb0000]
[error occurred during error reporting (printing stack bounds), id 0xc0000005]

Native frames: (J=compiled Java code, j=interpreted, Vv=VM code, C=native code)


Current CompileTask:
C2:1104049 4797       4       org.apache.catalina.startup.ContextConfig::populateJavaClassCache (79 bytes)


---------------  P R O C E S S  ---------------

Java Threads: ( => current thread )
  0x00000000195d1000 JavaThread "Keep-Alive-Timer" daemon [_thread_blocked, id=2196, stack(0x000000001f0d0000,0x000000001f1d0000)]
  0x00000000195ca800 JavaThread "localhost-startStop-1" daemon [_thread_in_native, id=8120, stack(0x000000001d500000,0x000000001d600000)]
  0x00000000195cd800 JavaThread "Tomcat-startStop-1" daemon [_thread_blocked, id=14268, stack(0x000000001d400000,0x000000001d500000)]
  0x00000000195cc800 JavaThread "NioBlockingSelector.BlockPoller-4" daemon [_thread_in_native, id=1684, stack(0x000000001d100000,0x000000001d200000)]
  0x00000000195cc000 JavaThread "NioBlockingSelector.BlockPoller-3" daemon [_thread_in_native, id=13320, stack(0x000000001cd90000,0x000000001ce90000)]
  0x00000000195d2000 JavaThread "C3P0PooledConnectionPoolManager[identityToken->1hge15y9pf8eqy5157acym|295323ef]-HelperThread-#2" daemon [_thread_blocked, id=14292, stack(0x0000000021390000,0x0000000021490000)]
  0x00000000195cf800 JavaThread "C3P0PooledConnectionPoolManager[identityToken->1hge15y9pf8eqy5157acym|295323ef]-HelperThread-#1" daemon [_thread_blocked, id=4568, stack(0x0000000021290000,0x0000000021390000)]
  0x00000000195cb000 JavaThread "C3P0PooledConnectionPoolManager[identityToken->1hge15y9pf8eqy5157acym|295323ef]-HelperThread-#0" daemon [_thread_blocked, id=12896, stack(0x0000000021190000,0x0000000021290000)]
  0x00000000195ce000 JavaThread "C3P0PooledConnectionPoolManager[identityToken->1hge15y9pf8eqy5157acym|295323ef]-AdminTaskTimer" daemon [_thread_blocked, id=13860, stack(0x0000000021090000,0x0000000021190000)]
  0x000000001b05e000 JavaThread "Abandoned connection cleanup thread" daemon [_thread_blocked, id=13700, stack(0x000000001d800000,0x000000001d900000)]
  0x0000000018cac000 JavaThread "SeedGenerator Thread" daemon [_thread_blocked, id=12932, stack(0x000000001b370000,0x000000001b470000)]
  0x00000000180f8000 JavaThread "Service Thread" daemon [_thread_blocked, id=5020, stack(0x00000000184b0000,0x00000000185b0000)]
  0x000000001663c000 JavaThread "C1 CompilerThread2" daemon [_thread_blocked, id=7612, stack(0x0000000017fb0000,0x00000000180b0000)]
=>0x0000000016633800 JavaThread "C2 CompilerThread1" daemon [_thread_in_native, id=13988, stack(0x0000000017eb0000,0x0000000017fb0000)]
  0x0000000016630000 JavaThread "C2 CompilerThread0" daemon [_thread_in_native, id=5308, stack(0x0000000017db0000,0x0000000017eb0000)]
  0x000000001662e000 JavaThread "Attach Listener" daemon [_thread_blocked, id=14004, stack(0x0000000017cb0000,0x0000000017db0000)]
  0x000000001662d000 JavaThread "Signal Dispatcher" daemon [_thread_blocked, id=13980, stack(0x0000000017bb0000,0x0000000017cb0000)]
  0x000000001661a800 JavaThread "Finalizer" daemon [_thread_blocked, id=12652, stack(0x0000000017880000,0x0000000017980000)]
  0x0000000002391000 JavaThread "Reference Handler" daemon [_thread_blocked, id=11620, stack(0x0000000017780000,0x0000000017880000)]
  0x000000000219e800 JavaThread "main" [_thread_blocked, id=12324, stack(0x00000000021a0000,0x00000000022a0000)]

Other Threads:
  0x00000000165f7800 VMThread [stack: 0x0000000017680000,0x0000000017780000] [id=13044]
  0x00000000180fc000 WatcherThread [stack: 0x00000000185b0000,0x00000000186b0000] [id=7428]

VM state:not at safepoint (normal execution)

VM Mutex/Monitor currently owned by a thread: None

Heap:
 PSYoungGen      total 184832K, used 106410K [0x00000000daf00000, 0x00000000e9100000, 0x0000000100000000)
  eden space 160256K, 51% used [0x00000000daf00000,0x00000000dfeec0b8,0x00000000e4b80000)
  from space 24576K, 99% used [0x00000000e6a00000,0x00000000e81fe790,0x00000000e8200000)
  to   space 31232K, 0% used [0x00000000e4b80000,0x00000000e4b80000,0x00000000e6a00000)
 ParOldGen       total 118784K, used 41379K [0x0000000090c00000, 0x0000000098000000, 0x00000000daf00000)
  object space 118784K, 34% used [0x0000000090c00000,0x0000000093468e28,0x0000000098000000)
 Metaspace       used 45603K, capacity 46764K, committed 47104K, reserved 1091584K
  class space    used 5479K, capacity 5867K, committed 5888K, reserved 1048576K

Card table byte_map: [0x0000000011760000,0x0000000011ae0000] byte_map_base: 0x00000000112da000

Marking Bits: (ParMarkBitMap*) 0x0000000058ccb6d0
 Begin Bits: [0x0000000012140000, 0x0000000013d10000)
 End Bits:   [0x0000000013d10000, 0x00000000158e0000)

Polling page: 0x0000000000910000

CodeCache: size=245760Kb used=15550Kb max_used=15550Kb free=230209Kb
 bounds [0x00000000023a0000, 0x00000000032f0000, 0x00000000113a0000]
 total_blobs=4980 nmethods=4222 adapters=668
 compilation: enabled

Compilation events (10 events):
Event: 1103.593 Thread 0x000000001663c000 nmethod 4994 0x00000000032ae650 code [0x00000000032ae7e0, 0x00000000032aea78]
Event: 1103.595 Thread 0x000000001663c000 4995       2       org.springframework.asm.ClassReader::readClass (16 bytes)
Event: 1103.595 Thread 0x000000001663c000 nmethod 4995 0x00000000032aec50 code [0x00000000032aedc0, 0x00000000032aefa8]
Event: 1103.595 Thread 0x000000001663c000 4996       2       org.springframework.asm.MethodVisitor::visitVarInsn (17 bytes)
Event: 1103.595 Thread 0x000000001663c000 nmethod 4996 0x00000000032af190 code [0x00000000032af300, 0x00000000032af488]
Event: 1103.595 Thread 0x000000001663c000 4997       1       org.springframework.core.type.classreading.ClassMetadataReadingVisitor::getClassName (5 bytes)
Event: 1103.595 Thread 0x000000001663c000 nmethod 4997 0x00000000032af510 code [0x00000000032af660, 0x00000000032af770]
Event: 1103.596 Thread 0x000000001663c000 4998       2       org.springframework.asm.ClassReader::readCode (3343 bytes)
Event: 1103.618 Thread 0x000000001663c000 nmethod 4998 0x00000000032af7d0 code [0x00000000032b0200, 0x00000000032b74a8]
Event: 1103.618 Thread 0x000000001663c000 4999 %     3       org.springframework.asm.ClassReader::readUTF @ 20 (194 bytes)

GC Heap History (10 events):
Event: 16.897 GC heap before
{Heap before GC invocations=8 (full 1):
 PSYoungGen      total 114176K, used 114160K [0x00000000daf00000, 0x00000000e6300000, 0x0000000100000000)
  eden space 96768K, 100% used [0x00000000daf00000,0x00000000e0d80000,0x00000000e0d80000)
  from space 17408K, 99% used [0x00000000e2380000,0x00000000e347c3a0,0x00000000e3480000)
  to   space 22528K, 0% used [0x00000000e0d80000,0x00000000e0d80000,0x00000000e2380000)
 ParOldGen       total 78848K, used 39142K [0x0000000090c00000, 0x0000000095900000, 0x00000000daf00000)
  object space 78848K, 49% used [0x0000000090c00000,0x0000000093239b20,0x0000000095900000)
 Metaspace       used 33841K, capacity 34642K, committed 34816K, reserved 1079296K
  class space    used 4055K, capacity 4306K, committed 4352K, reserved 1048576K
Event: 16.938 GC heap after
Heap after GC invocations=8 (full 1):
 PSYoungGen      total 119296K, used 14041K [0x00000000daf00000, 0x00000000e5a00000, 0x0000000100000000)
  eden space 96768K, 0% used [0x00000000daf00000,0x00000000daf00000,0x00000000e0d80000)
  from space 22528K, 62% used [0x00000000e0d80000,0x00000000e1b365d0,0x00000000e2380000)
  to   space 21504K, 0% used [0x00000000e4500000,0x00000000e4500000,0x00000000e5a00000)
 ParOldGen       total 78848K, used 39150K [0x0000000090c00000, 0x0000000095900000, 0x00000000daf00000)
  object space 78848K, 49% used [0x0000000090c00000,0x000000009323bb20,0x0000000095900000)
 Metaspace       used 33841K, capacity 34642K, committed 34816K, reserved 1079296K
  class space    used 4055K, capacity 4306K, committed 4352K, reserved 1048576K
}
Event: 17.264 GC heap before
{Heap before GC invocations=9 (full 1):
 PSYoungGen      total 119296K, used 28028K [0x00000000daf00000, 0x00000000e5a00000, 0x0000000100000000)
  eden space 96768K, 14% used [0x00000000daf00000,0x00000000dbca8d30,0x00000000e0d80000)
  from space 22528K, 62% used [0x00000000e0d80000,0x00000000e1b365d0,0x00000000e2380000)
  to   space 21504K, 0% used [0x00000000e4500000,0x00000000e4500000,0x00000000e5a00000)
 ParOldGen       total 78848K, used 39150K [0x0000000090c00000, 0x0000000095900000, 0x00000000daf00000)
  object space 78848K, 49% used [0x0000000090c00000,0x000000009323bb20,0x0000000095900000)
 Metaspace       used 34398K, capacity 35244K, committed 35456K, reserved 1081344K
  class space    used 4114K, capacity 4416K, committed 4480K, reserved 1048576K
Event: 17.283 GC heap after
Heap after GC invocations=9 (full 1):
 PSYoungGen      total 153600K, used 7808K [0x00000000daf00000, 0x00000000e5e80000, 0x0000000100000000)
  eden space 132096K, 0% used [0x00000000daf00000,0x00000000daf00000,0x00000000e3000000)
  from space 21504K, 36% used [0x00000000e4500000,0x00000000e4ca0060,0x00000000e5a00000)
  to   space 21504K, 0% used [0x00000000e3000000,0x00000000e3000000,0x00000000e4500000)
 ParOldGen       total 78848K, used 39158K [0x0000000090c00000, 0x0000000095900000, 0x00000000daf00000)
  object space 78848K, 49% used [0x0000000090c00000,0x000000009323db20,0x0000000095900000)
 Metaspace       used 34398K, capacity 35244K, committed 35456K, reserved 1081344K
  class space    used 4114K, capacity 4416K, committed 4480K, reserved 1048576K
}
Event: 17.283 GC heap before
{Heap before GC invocations=10 (full 2):
 PSYoungGen      total 153600K, used 7808K [0x00000000daf00000, 0x00000000e5e80000, 0x0000000100000000)
  eden space 132096K, 0% used [0x00000000daf00000,0x00000000daf00000,0x00000000e3000000)
  from space 21504K, 36% used [0x00000000e4500000,0x00000000e4ca0060,0x00000000e5a00000)
  to   space 21504K, 0% used [0x00000000e3000000,0x00000000e3000000,0x00000000e4500000)
 ParOldGen       total 78848K, used 39158K [0x0000000090c00000, 0x0000000095900000, 0x00000000daf00000)
  object space 78848K, 49% used [0x0000000090c00000,0x000000009323db20,0x0000000095900000)
 Metaspace       used 34398K, capacity 35244K, committed 35456K, reserved 1081344K
  class space    used 4114K, capacity 4416K, committed 4480K, reserved 1048576K
Event: 17.507 GC heap after
Heap after GC invocations=10 (full 2):
 PSYoungGen      total 153600K, used 0K [0x00000000daf00000, 0x00000000e5e80000, 0x0000000100000000)
  eden space 132096K, 0% used [0x00000000daf00000,0x00000000daf00000,0x00000000e3000000)
  from space 21504K, 0% used [0x00000000e4500000,0x00000000e4500000,0x00000000e5a00000)
  to   space 21504K, 0% used [0x00000000e3000000,0x00000000e3000000,0x00000000e4500000)
 ParOldGen       total 118784K, used 31240K [0x0000000090c00000, 0x0000000098000000, 0x00000000daf00000)
  object space 118784K, 26% used [0x0000000090c00000,0x0000000092a82040,0x0000000098000000)
 Metaspace       used 34398K, capacity 35244K, committed 35456K, reserved 1081344K
  class space    used 4114K, capacity 4416K, committed 4480K, reserved 1048576K
}
Event: 1100.601 GC heap before
{Heap before GC invocations=11 (full 2):
 PSYoungGen      total 153600K, used 132096K [0x00000000daf00000, 0x00000000e5e80000, 0x0000000100000000)
  eden space 132096K, 100% used [0x00000000daf00000,0x00000000e3000000,0x00000000e3000000)
  from space 21504K, 0% used [0x00000000e4500000,0x00000000e4500000,0x00000000e5a00000)
  to   space 21504K, 0% used [0x00000000e3000000,0x00000000e3000000,0x00000000e4500000)
 ParOldGen       total 118784K, used 31240K [0x0000000090c00000, 0x0000000098000000, 0x00000000daf00000)
  object space 118784K, 26% used [0x0000000090c00000,0x0000000092a82040,0x0000000098000000)
 Metaspace       used 43009K, capacity 44128K, committed 44416K, reserved 1087488K
  class space    used 5129K, capacity 5494K, committed 5504K, reserved 1048576K
Event: 1100.633 GC heap after
Heap after GC invocations=11 (full 2):
 PSYoungGen      total 153600K, used 21484K [0x00000000daf00000, 0x00000000e8200000, 0x0000000100000000)
  eden space 132096K, 0% used [0x00000000daf00000,0x00000000daf00000,0x00000000e3000000)
  from space 21504K, 99% used [0x00000000e3000000,0x00000000e44fb198,0x00000000e4500000)
  to   space 24576K, 0% used [0x00000000e6a00000,0x00000000e6a00000,0x00000000e8200000)
 ParOldGen       total 118784K, used 31517K [0x0000000090c00000, 0x0000000098000000, 0x00000000daf00000)
  object space 118784K, 26% used [0x0000000090c00000,0x0000000092ac7640,0x0000000098000000)
 Metaspace       used 43009K, capacity 44128K, committed 44416K, reserved 1087488K
  class space    used 5129K, capacity 5494K, committed 5504K, reserved 1048576K
}
Event: 1101.675 GC heap before
{Heap before GC invocations=12 (full 2):
 PSYoungGen      total 153600K, used 153580K [0x00000000daf00000, 0x00000000e8200000, 0x0000000100000000)
  eden space 132096K, 100% used [0x00000000daf00000,0x00000000e3000000,0x00000000e3000000)
  from space 21504K, 99% used [0x00000000e3000000,0x00000000e44fb198,0x00000000e4500000)
  to   space 24576K, 0% used [0x00000000e6a00000,0x00000000e6a00000,0x00000000e8200000)
 ParOldGen       total 118784K, used 31517K [0x0000000090c00000, 0x0000000098000000, 0x00000000daf00000)
  object space 118784K, 26% used [0x0000000090c00000,0x0000000092ac7640,0x0000000098000000)
 Metaspace       used 43021K, capacity 44138K, committed 44416K, reserved 1087488K
  class space    used 5131K, capacity 5496K, committed 5504K, reserved 1048576K
Event: 1101.717 GC heap after
Heap after GC invocations=12 (full 2):
 PSYoungGen      total 184832K, used 24569K [0x00000000daf00000, 0x00000000e9100000, 0x0000000100000000)
  eden space 160256K, 0% used [0x00000000daf00000,0x00000000daf00000,0x00000000e4b80000)
  from space 24576K, 99% used [0x00000000e6a00000,0x00000000e81fe790,0x00000000e8200000)
  to   space 31232K, 0% used [0x00000000e4b80000,0x00000000e4b80000,0x00000000e6a00000)
 ParOldGen       total 118784K, used 41379K [0x0000000090c00000, 0x0000000098000000, 0x00000000daf00000)
  object space 118784K, 34% used [0x0000000090c00000,0x0000000093468e28,0x0000000098000000)
 Metaspace       used 43021K, capacity 44138K, committed 44416K, reserved 1087488K
  class space    used 5131K, capacity 5496K, committed 5504K, reserved 1048576K
}

Deoptimization events (10 events):
Event: 290.846 Thread 0x00000000195cc800 Uncommon trap: reason=class_check action=maybe_recompile pc=0x0000000002ab1b3c method=java.util.regex.Pattern$Slice.match(Ljava/util/regex/Matcher;ILjava/lang/CharSequence;)Z @ 49
Event: 1099.991 Thread 0x000000000219e800 Uncommon trap: reason=unstable_if action=reinterpret pc=0x0000000002c966a0 method=org.apache.tomcat.util.IntrospectionUtils.setProperty(Ljava/lang/Object;Ljava/lang/String;Ljava/lang/String;Z)Z @ 528
Event: 1100.018 Thread 0x00000000195cc000 Uncommon trap: reason=unstable_if action=reinterpret pc=0x0000000003175bdc method=java.nio.channels.spi.AbstractSelector.begin()V @ 4
Event: 1100.378 Thread 0x00000000195ca800 Uncommon trap: reason=unstable_if action=reinterpret pc=0x0000000002e310d0 method=sun.misc.URLClassPath.getLoader(I)Lsun/misc/URLClassPath$Loader; @ 101
Event: 1100.469 Thread 0x00000000195ca800 Uncommon trap: reason=unstable_if action=reinterpret pc=0x0000000003091708 method=org.apache.tomcat.util.bcel.classfile.ClassParser.readClassInfo()V @ 100
Event: 1100.633 Thread 0x0000000002391000 Uncommon trap: reason=unstable_if action=reinterpret pc=0x0000000002f0acbc method=java.lang.ref.Reference.tryHandlePending(Z)Z @ 20
Event: 1101.296 Thread 0x00000000195ca800 Uncommon trap: reason=class_check action=maybe_recompile pc=0x0000000002f63f88 method=org.apache.catalina.startup.ContextConfig.populateJavaClassCache(Ljava/lang/String;)V @ 157
Event: 1101.309 Thread 0x00000000195ca800 Uncommon trap: reason=class_check action=maybe_recompile pc=0x0000000002f63f88 method=org.apache.catalina.startup.ContextConfig.populateJavaClassCache(Ljava/lang/String;)V @ 157
Event: 1101.315 Thread 0x00000000195ca800 Uncommon trap: reason=class_check action=maybe_recompile pc=0x0000000002f63f88 method=org.apache.catalina.startup.ContextConfig.populateJavaClassCache(Ljava/lang/String;)V @ 157
Event: 1101.340 Thread 0x00000000195ca800 Uncommon trap: reason=class_check action=maybe_recompile pc=0x0000000002f63f88 method=org.apache.catalina.startup.ContextConfig.populateJavaClassCache(Ljava/lang/String;)V @ 157

Internal exceptions (10 events):
Event: 178.408 Thread 0x000000001b062000 Exception <a 'java/lang/reflect/InvocationTargetException'> (0x00000000e05d7950) thrown at [C:\re\workspace\8-2-build-windows-amd64-cygwin\jdk8u121\8372\hotspot\src\share\vm\runtime\reflection.cpp, line 1092]
Event: 178.413 Thread 0x000000001b062000 Exception <a 'java/lang/reflect/InvocationTargetException'> (0x00000000e05d8a48) thrown at [C:\re\workspace\8-2-build-windows-amd64-cygwin\jdk8u121\8372\hotspot\src\share\vm\runtime\reflection.cpp, line 1092]
Event: 290.837 Thread 0x00000000195cc800 Exception <a 'java/lang/reflect/InvocationTargetException'> (0x00000000e002e790) thrown at [C:\re\workspace\8-2-build-windows-amd64-cygwin\jdk8u121\8372\hotspot\src\share\vm\runtime\reflection.cpp, line 1092]
Event: 290.838 Thread 0x00000000195cc800 Exception <a 'java/lang/reflect/InvocationTargetException'> (0x00000000e002f160) thrown at [C:\re\workspace\8-2-build-windows-amd64-cygwin\jdk8u121\8372\hotspot\src\share\vm\runtime\reflection.cpp, line 1092]
Event: 290.840 Thread 0x00000000195cc800 Exception <a 'java/lang/reflect/InvocationTargetException'> (0x00000000e00336e8) thrown at [C:\re\workspace\8-2-build-windows-amd64-cygwin\jdk8u121\8372\hotspot\src\share\vm\runtime\reflection.cpp, line 1092]
Event: 1100.373 Thread 0x00000000195ca800 Exception <a 'java/security/PrivilegedActionException'> (0x00000000e18a16c8) thrown at [C:\re\workspace\8-2-build-windows-amd64-cygwin\jdk8u121\8372\hotspot\src\share\vm\prims\jvm.cpp, line 1390]
Event: 1100.373 Thread 0x00000000195ca800 Exception <a 'java/security/PrivilegedActionException'> (0x00000000e18a1ac0) thrown at [C:\re\workspace\8-2-build-windows-amd64-cygwin\jdk8u121\8372\hotspot\src\share\vm\prims\jvm.cpp, line 1390]
Event: 1100.378 Thread 0x00000000195ca800 Exception <a 'java/security/PrivilegedActionException'> (0x00000000e18d28f8) thrown at [C:\re\workspace\8-2-build-windows-amd64-cygwin\jdk8u121\8372\hotspot\src\share\vm\prims\jvm.cpp, line 1390]
Event: 1100.378 Thread 0x00000000195ca800 Exception <a 'java/security/PrivilegedActionException'> (0x00000000e18d2cf0) thrown at [C:\re\workspace\8-2-build-windows-amd64-cygwin\jdk8u121\8372\hotspot\src\share\vm\prims\jvm.cpp, line 1390]
Event: 1102.442 Thread 0x00000000195ca800 Exception <a 'java/io/FileNotFoundException'> (0x00000000dee2ab08) thrown at [C:\re\workspace\8-2-build-windows-amd64-cygwin\jdk8u121\8372\hotspot\src\share\vm\prims\jni.cpp, line 709]

Events (10 events):
Event: 1103.577 loading class org/springframework/web/bind/annotation/RequestMethod
Event: 1103.577 loading class org/springframework/web/bind/annotation/RequestMethod done
Event: 1103.578 loading class org/springframework/web/bind/annotation/Mapping
Event: 1103.578 loading class org/springframework/web/bind/annotation/Mapping done
Event: 1103.583 Thread 0x00000000195ca800 DEOPT PACKING pc=0x00000000028a4da8 sp=0x000000001d5fc010
Event: 1103.583 Thread 0x00000000195ca800 DEOPT UNPACKING pc=0x00000000023e747f sp=0x000000001d5fbdb0 mode 0
Event: 1103.584 loading class org/springframework/asm/Opcodes
Event: 1103.584 loading class org/springframework/asm/Opcodes done
Event: 1103.617 loading class org/springframework/transaction/annotation/Propagation
Event: 1103.617 loading class org/springframework/transaction/annotation/Propagation done


Dynamic libraries:
0x00007ff7ccc60000 - 0x00007ff7ccc97000 	C:\Program Files\Java\jdk1.8.0_121\bin\java.exe
0x00007ffc7c5d0000 - 0x00007ffc7c77d000 	C:\Windows\SYSTEM32\ntdll.dll
0x00007ffc7a1b0000 - 0x00007ffc7a2ea000 	C:\Windows\system32\KERNEL32.DLL
0x00007ffc797d0000 - 0x00007ffc798e5000 	C:\Windows\system32\KERNELBASE.dll
0x00007ffc78020000 - 0x00007ffc780a8000 	C:\Windows\system32\apphelp.dll
0x00007ffc5f2d0000 - 0x00007ffc5f31f000 	C:\Windows\AppPatch\AppPatch64\AcGenral.DLL
0x00007ffc7a760000 - 0x00007ffc7a807000 	C:\Windows\system32\msvcrt.dll
0x00007ffc797a0000 - 0x00007ffc797cb000 	C:\Windows\system32\SspiCli.dll
0x00007ffc79cd0000 - 0x00007ffc79d21000 	C:\Windows\system32\SHLWAPI.dll
0x00007ffc79de0000 - 0x00007ffc79f57000 	C:\Windows\system32\USER32.dll
0x00007ffc7a5c0000 - 0x00007ffc7a754000 	C:\Windows\system32\ole32.dll
0x00007ffc7a9c0000 - 0x00007ffc7beeb000 	C:\Windows\system32\SHELL32.dll
0x00007ffc789b0000 - 0x00007ffc789ce000 	C:\Windows\SYSTEM32\USERENV.dll
0x00007ffc79d30000 - 0x00007ffc79dda000 	C:\Windows\system32\ADVAPI32.dll
0x00007ffc71880000 - 0x00007ffc7189b000 	C:\Windows\SYSTEM32\MPR.dll
0x00007ffc7a880000 - 0x00007ffc7a9c0000 	C:\Windows\system32\RPCRT4.dll
0x00007ffc79f60000 - 0x00007ffc79fb9000 	C:\Windows\SYSTEM32\sechost.dll
0x00007ffc7bfb0000 - 0x00007ffc7c1c1000 	C:\Windows\SYSTEM32\combase.dll
0x00007ffc7a060000 - 0x00007ffc7a1af000 	C:\Windows\system32\GDI32.dll
0x00007ffc79370000 - 0x00007ffc79384000 	C:\Windows\SYSTEM32\profapi.dll
0x00007ffc768e0000 - 0x00007ffc7697f000 	C:\Windows\SYSTEM32\SHCORE.dll
0x00007ffc7c510000 - 0x00007ffc7c544000 	C:\Windows\system32\IMM32.DLL
0x00007ffc7c3b0000 - 0x00007ffc7c502000 	C:\Windows\system32\MSCTF.dll
0x00007ffc76430000 - 0x00007ffc766aa000 	C:\Windows\WinSxS\amd64_microsoft.windows.common-controls_6595b64144ccf1df_6.0.9600.17810_none_6240b9c7ecbd0bda\COMCTL32.dll
0x0000000058d50000 - 0x0000000058e22000 	C:\Program Files\Java\jdk1.8.0_121\jre\bin\msvcr100.dll
0x00000000584b0000 - 0x0000000058d4b000 	C:\Program Files\Java\jdk1.8.0_121\jre\bin\server\jvm.dll
0x00007ffc72660000 - 0x00007ffc72669000 	C:\Windows\SYSTEM32\WSOCK32.dll
0x00007ffc79770000 - 0x00007ffc7978f000 	C:\Windows\system32\WINMM.dll
0x00007ffc777c0000 - 0x00007ffc777ca000 	C:\Windows\SYSTEM32\VERSION.dll
0x00007ffc7a5b0000 - 0x00007ffc7a5b7000 	C:\Windows\system32\PSAPI.DLL
0x00007ffc7c550000 - 0x00007ffc7c5aa000 	C:\Windows\system32\WS2_32.dll
0x00007ffc79470000 - 0x00007ffc7949a000 	C:\Windows\system32\WINMMBASE.dll
0x00007ffc7a050000 - 0x00007ffc7a059000 	C:\Windows\system32\NSI.dll
0x00007ffc79720000 - 0x00007ffc7976a000 	C:\Windows\SYSTEM32\cfgmgr32.dll
0x00007ffc79420000 - 0x00007ffc79446000 	C:\Windows\system32\DEVOBJ.dll
0x00000000593d0000 - 0x00000000593df000 	C:\Program Files\Java\jdk1.8.0_121\jre\bin\verify.dll
0x00000000593a0000 - 0x00000000593c9000 	C:\Program Files\Java\jdk1.8.0_121\jre\bin\java.dll
0x0000000058490000 - 0x00000000584a6000 	C:\Program Files\Java\jdk1.8.0_121\jre\bin\zip.dll
0x0000000058470000 - 0x000000005848a000 	C:\Program Files\Java\jdk1.8.0_121\jre\bin\net.dll
0x00007ffc78c10000 - 0x00007ffc78c69000 	C:\Windows\system32\mswsock.dll
0x00007ffc6b820000 - 0x00007ffc6b834000 	C:\Windows\system32\napinsp.dll
0x00007ffc6b180000 - 0x00007ffc6b199000 	C:\Windows\system32\pnrpnsp.dll
0x00007ffc75120000 - 0x00007ffc7513b000 	C:\Windows\system32\NLAapi.dll
0x00007ffc78a10000 - 0x00007ffc78ab4000 	C:\Windows\SYSTEM32\DNSAPI.dll
0x00007ffc6b810000 - 0x00007ffc6b81c000 	C:\Windows\System32\winrnr.dll
0x00007ffc6b160000 - 0x00007ffc6b173000 	C:\Windows\system32\wshbth.dll
0x0000000057920000 - 0x0000000057946000 	C:\Program Files\Bonjour\mdnsNSP.dll
0x00007ffc74c30000 - 0x00007ffc74c59000 	C:\Windows\SYSTEM32\Iphlpapi.DLL
0x00007ffc74b60000 - 0x00007ffc74b6a000 	C:\Windows\SYSTEM32\WINNSI.DLL
0x00007ffc66040000 - 0x00007ffc66049000 	C:\Windows\System32\rasadhlp.dll
0x00007ffc74680000 - 0x00007ffc746eb000 	C:\Windows\System32\fwpuclnt.dll
0x0000000059390000 - 0x000000005939d000 	C:\Program Files\Java\jdk1.8.0_121\jre\bin\management.dll
0x0000000058450000 - 0x0000000058461000 	C:\Program Files\Java\jdk1.8.0_121\jre\bin\nio.dll
0x00007ffc74300000 - 0x00007ffc74314000 	C:\Windows\SYSTEM32\dhcpcsvc6.DLL
0x00007ffc74720000 - 0x00007ffc74739000 	C:\Windows\SYSTEM32\dhcpcsvc.DLL
0x0000000058420000 - 0x0000000058444000 	C:\Program Files\Java\jdk1.8.0_121\jre\bin\sunec.dll
0x0000000058410000 - 0x000000005841b000 	C:\Program Files\Java\jdk1.8.0_121\jre\bin\sunmscapi.dll
0x00007ffc794f0000 - 0x00007ffc796c7000 	C:\Windows\system32\CRYPT32.dll
0x00007ffc79450000 - 0x00007ffc79462000 	C:\Windows\system32\MSASN1.dll

VM Arguments:
jvm_args: -Djava.security.egd=file:/dev/./urandom -Dfile.encoding=windows-1251 -Duser.country=RU -Duser.language=ru -Duser.variant 
java_command: org.akhikhl.gretty.Runner --servicePort=58865 --statusPort=58866 --serverManagerFactory=org.akhikhl.gretty.ServerManagerFactory
java_class_path (initial): C:\Users\User\.gradle\caches\modules-2\files-2.1\org.akhikhl.gretty\gretty-runner-tomcat8\1.2.4\9e27791cc4dbc4a98a55987b1696d88699a9fe9d\gretty-runner-tomcat8-1.2.4.jar;C:\Users\User\.gradle\caches\modules-2\files-2.1\org.akhikhl.gretty\gretty-runner-tomcat\1.2.4\684a21495f5f9c71dab0e7755c074f74716cd966\gretty-runner-tomcat-1.2.4.jar;C:\Users\User\.gradle\caches\modules-2\files-2.1\org.apache.tomcat.embed\tomcat-embed-jasper\8.0.23\6119e0c41a0685540b874ee76b469fc2e8a0b9c4\tomcat-embed-jasper-8.0.23.jar;C:\Users\User\.gradle\caches\modules-2\files-2.1\org.apache.tomcat.embed\tomcat-embed-el\8.0.23\5a1ca084156665968232112b6606c0b259213aab\tomcat-embed-el-8.0.23.jar;C:\Users\User\.gradle\caches\modules-2\files-2.1\org.apache.tomcat.embed\tomcat-embed-core\8.0.23\79dc3aea4f447392ab0bdc1359c31a931cd307d6\tomcat-embed-core-8.0.23.jar;C:\Users\User\.gradle\caches\modules-2\files-2.1\org.apache.tomcat.embed\tomcat-embed-websocket\8.0.23\839167a26dec5dcef85fb19e2e429878b7215293\tomcat-embed-websocket-8.0.23.jar;C:\Users\User\.gradle\caches\modules-2\files-2.1\javax.servlet\javax.servlet-api\3.1.0\3cd63d075497751784b2fa84be59432f4905bf7c\javax.servlet-api-3.1.0.jar;C:\Users\User\.gradle\caches\modules-2\files-2.1\org.apache.tomcat.embed\tomcat-embed-logging-log4j\8.0.23\2fb320eef46f9833f727220e7d7db5cfcfcc815c\tomcat-embed-logging-log4j-8.0.23.jar;C:\Users\User\.gradle\caches\modules-2\files-2.1\org.slf4j\log4j-over-slf4j\1.7.12\d2444c9c7c1923304c25f86c5ee83a79a8166205\log4j-over-slf4j-1.7.12.jar;C:\Users\User\.gradle\caches\modules-2\files-2.1\org.akhikhl.gretty\gretty-runner\1.2.4\50723962cab2246f6fdaa256a27e90181bb03815\gretty-runner-1.2.4.jar;C:\Users\User\.gradle\caches\modules-2\files-2.1\org.eclipse.jdt.core.compiler\ecj\4.4.2\71d67f5bab9465ec844596ef844f40902ae25392\ecj-4.4.2.jar;C:\Users\User\.gradle\caches\modules-2\files-2.1\org.slf4j\slf4j-api\1.7.12\8e20852d05222dc286bf1c71d78d0531e177c317\slf4j-api-1.7.12.jar;C:\Users\User\.gradle\ca
Launcher Type: SUN_STANDARD

Environment Variables:
PATH=C:/Program Files/Java/jre1.8.0_121/bin/server;C:/Program Files/Java/jre1.8.0_121/bin;C:/Program Files/Java/jre1.8.0_121/lib/amd64;C:\Program Files\Microsoft MPI\Bin\;C:\Program Files (x86)\NVIDIA Corporation\PhysX\Common;C:\Program Files\Java\jdk1.8.0_121\bin ;C:\ProgramData\Oracle\Java\javapath;C:\Windows\system32;C:\Windows;C:\Windows\System32\Wbem;C:\Windows\System32\WindowsPowerShell\v1.0\;C:\Program Files (x86)\ATI Technologies\ATI.ACE\Core-Static;D:\Git\cmd;C:\Program Files\TortoiseGit\bin;C:\Program Files\MySQL\MySQL Utilities 1.6\;C:\Program Files (x86)\Microsoft SQL Server\130\Tools\Binn\;C:\Program Files\Microsoft SQL Server\130\Tools\Binn\;C:\Program Files (x86)\Microsoft SQL Server\130\DTS\Binn\;C:\Program Files\Microsoft SQL Server\130\DTS\Binn\;C:\Program Files\Microsoft SQL Server\Client SDK\ODBC\130\Tools\Binn\;D:\gradle-3.3\bin;C:\Users\User\Desktop;
USERNAME=User
OS=Windows_NT
PROCESSOR_IDENTIFIER=AMD64 Family 21 Model 48 Stepping 1, AuthenticAMD



---------------  S Y S T E M  ---------------

OS: Windows 8.1 , 64 bit Build 9600 (6.3.9600.17056)

CPU:total 4 (4 cores per cpu, 1 threads per core) family 21 model 48 stepping 1, cmov, cx8, fxsr, mmx, sse, sse2, sse3, ssse3, sse4.1, sse4.2, popcnt, avx, aes, clmul, mmxext, 3dnowpref, lzcnt, sse4a, tsc, tscinvbit, tscinv, bmi1

Memory: 4k page, physical 7285268k(1628180k free), swap 10430996k(12772k free)

vm_info: Java HotSpot(TM) 64-Bit Server VM (25.121-b13) for windows-amd64 JRE (1.8.0_121-b13), built on Dec 12 2016 18:21:36 by "java_re" with MS VC++ 10.0 (VS2010)

time: Wed Jul 12 18:23:11 2017
elapsed time: 1103 seconds (0d 0h 18m 23s)

